<?xml version="1.0" encoding="UTF-8"?>
<!-- Generated by org.testng.reporters.JUnitXMLReporter -->
<testsuite ignored="1" hostname="DESKTOP-Q372INJ" failures="0" tests="2" name="Test" time="6.868" errors="0" timestamp="2024-02-25T23:59:33 IST">
  <testcase classname="pomdemo.com.tutorialsninja.test.LoginTest" name="loginWithValidUserNameAndPassword" time="5.84"/>
  <testcase classname="pomdemo.com.tutorialsninja.test.HomePageTest" name="logout" time="0.968"/>
  <testcase classname="pomdemo.com.tutorialsninja.test.BaseTest" name="@BeforeSuite initDriver" time="0.0">
    <ignored/>
  </testcase> <!-- @BeforeSuite initDriver -->
</testsuite> <!-- Test -->
