<?xml version="1.0" encoding="UTF-8"?>
<testng-results ignored="0" total="2" passed="2" failed="0" skipped="0">
  <reporter-output>
  </reporter-output>
  <suite started-at="2024-02-25T23:59:25 IST" name="Suite" finished-at="2024-02-25T23:59:32 IST" duration-ms="6868">
    <groups>
    </groups>
    <test started-at="2024-02-25T23:59:25 IST" name="Test" finished-at="2024-02-25T23:59:32 IST" duration-ms="6868">
      <class name="pomdemo.com.tutorialsninja.test.LoginTest">
        <test-method is-config="true" signature="initDriver()[pri:0, instance:pomdemo.com.tutorialsninja.test.LoginTest@7cc0cdad]" started-at="2024-02-25T23:59:12 IST" name="initDriver" finished-at="2024-02-25T23:59:25 IST" duration-ms="13304" status="PASS">
          <reporter-output>
          </reporter-output>
        </test-method> <!-- initDriver -->
        <test-method signature="loginWithValidUserNameAndPassword()[pri:0, instance:pomdemo.com.tutorialsninja.test.LoginTest@7cc0cdad]" started-at="2024-02-25T23:59:25 IST" name="loginWithValidUserNameAndPassword" finished-at="2024-02-25T23:59:31 IST" duration-ms="5840" status="PASS">
          <reporter-output>
          </reporter-output>
        </test-method> <!-- loginWithValidUserNameAndPassword -->
      </class> <!-- pomdemo.com.tutorialsninja.test.LoginTest -->
      <class name="pomdemo.com.tutorialsninja.test.HomePageTest">
        <test-method signature="logout()[pri:0, instance:pomdemo.com.tutorialsninja.test.HomePageTest@1aafa419]" started-at="2024-02-25T23:59:31 IST" name="logout" finished-at="2024-02-25T23:59:32 IST" duration-ms="968" status="PASS">
          <reporter-output>
          </reporter-output>
        </test-method> <!-- logout -->
      </class> <!-- pomdemo.com.tutorialsninja.test.HomePageTest -->
    </test> <!-- Test -->
  </suite> <!-- Suite -->
</testng-results>
